<?xml version="1.0" encoding="UTF-8"?>
<!-- Generated by org.testng.reporters.JUnitReportReporter -->
<testsuite hostname="MSI" failures="0" tests="1" name="TestNGTest.CreateproductTest" time="0.002" errors="0" timestamp="2025-06-25T14:34:09 IST" skipped="0">
  <testcase classname="TestNGTest.CreateproductTest" name="createproduct" time="0.002"/>
</testsuite> <!-- TestNGTest.CreateproductTest -->
