<?xml version="1.0" encoding="UTF-8"?>
<!-- Generated by org.testng.reporters.JUnitReportReporter -->
<testsuite hostname="MSI" failures="0" tests="1" name="TestNGTest.CreateOrgTest" time="0.011" errors="0" timestamp="2025-06-25T14:38:21 IST" skipped="0">
  <testcase classname="TestNGTest.CreateOrgTest" name="createorg" time="0.011"/>
</testsuite> <!-- TestNGTest.CreateOrgTest -->
